{"/home/mohamed/my-node-app/server.js": {"path":"/home/mohamed/my-node-app/server.js","statementMap":{"0":{"start":{"line":1,"column":16},"end":{"line":1,"column":34}},"1":{"start":{"line":2,"column":12},"end":{"line":2,"column":21}},"2":{"start":{"line":3,"column":13},"end":{"line":3,"column":37}},"3":{"start":{"line":5,"column":0},"end":{"line":5,"column":24}},"4":{"start":{"line":8,"column":0},"end":{"line":14,"column":3}},"5":{"start":{"line":9,"column":4},"end":{"line":13,"column":7}},"6":{"start":{"line":17,"column":0},"end":{"line":22,"column":3}},"7":{"start":{"line":18,"column":4},"end":{"line":21,"column":7}},"8":{"start":{"line":25,"column":0},"end":{"line":54,"column":3}},"9":{"start":{"line":26,"column":32},"end":{"line":26,"column":40}},"10":{"start":{"line":28,"column":4},"end":{"line":30,"column":5}},"11":{"start":{"line":29,"column":8},"end":{"line":29,"column":79}},"12":{"start":{"line":33,"column":4},"end":{"line":51,"column":5}},"13":{"start":{"line":35,"column":12},"end":{"line":35,"column":27}},"14":{"start":{"line":36,"column":12},"end":{"line":36,"column":18}},"15":{"start":{"line":38,"column":12},"end":{"line":38,"column":27}},"16":{"start":{"line":39,"column":12},"end":{"line":39,"column":18}},"17":{"start":{"line":41,"column":12},"end":{"line":41,"column":27}},"18":{"start":{"line":42,"column":12},"end":{"line":42,"column":18}},"19":{"start":{"line":44,"column":12},"end":{"line":44,"column":44}},"20":{"start":{"line":45,"column":12},"end":{"line":47,"column":13}},"21":{"start":{"line":46,"column":16},"end":{"line":46,"column":75}},"22":{"start":{"line":48,"column":12},"end":{"line":48,"column":18}},"23":{"start":{"line":50,"column":12},"end":{"line":50,"column":72}},"24":{"start":{"line":53,"column":4},"end":{"line":53,"column":25}},"25":{"start":{"line":56,"column":15},"end":{"line":58,"column":2}},"26":{"start":{"line":57,"column":4},"end":{"line":57,"column":50}},"27":{"start":{"line":60,"column":0},"end":{"line":60,"column":33}}},"fnMap":{"0":{"name":"(anonymous_0)","decl":{"start":{"line":8,"column":19},"end":{"line":8,"column":20}},"loc":{"start":{"line":8,"column":33},"end":{"line":14,"column":1}},"line":8},"1":{"name":"(anonymous_1)","decl":{"start":{"line":17,"column":13},"end":{"line":17,"column":14}},"loc":{"start":{"line":17,"column":27},"end":{"line":22,"column":1}},"line":17},"2":{"name":"(anonymous_2)","decl":{"start":{"line":25,"column":23},"end":{"line":25,"column":24}},"loc":{"start":{"line":25,"column":37},"end":{"line":54,"column":1}},"line":25},"3":{"name":"(anonymous_3)","decl":{"start":{"line":56,"column":32},"end":{"line":56,"column":33}},"loc":{"start":{"line":56,"column":38},"end":{"line":58,"column":1}},"line":56}},"branchMap":{"0":{"loc":{"start":{"line":3,"column":13},"end":{"line":3,"column":37}},"type":"binary-expr","locations":[{"start":{"line":3,"column":13},"end":{"line":3,"column":29}},{"start":{"line":3,"column":33},"end":{"line":3,"column":37}}],"line":3},"1":{"loc":{"start":{"line":12,"column":17},"end":{"line":12,"column":51}},"type":"binary-expr","locations":[{"start":{"line":12,"column":17},"end":{"line":12,"column":40}},{"start":{"line":12,"column":44},"end":{"line":12,"column":51}}],"line":12},"2":{"loc":{"start":{"line":20,"column":21},"end":{"line":20,"column":58}},"type":"binary-expr","locations":[{"start":{"line":20,"column":21},"end":{"line":20,"column":41}},{"start":{"line":20,"column":45},"end":{"line":20,"column":58}}],"line":20},"3":{"loc":{"start":{"line":28,"column":4},"end":{"line":30,"column":5}},"type":"if","locations":[{"start":{"line":28,"column":4},"end":{"line":30,"column":5}},{"start":{},"end":{}}],"line":28},"4":{"loc":{"start":{"line":28,"column":8},"end":{"line":28,"column":54}},"type":"binary-expr","locations":[{"start":{"line":28,"column":8},"end":{"line":28,"column":29}},{"start":{"line":28,"column":33},"end":{"line":28,"column":54}}],"line":28},"5":{"loc":{"start":{"line":33,"column":4},"end":{"line":51,"column":5}},"type":"switch","locations":[{"start":{"line":34,"column":8},"end":{"line":36,"column":18}},{"start":{"line":37,"column":8},"end":{"line":39,"column":18}},{"start":{"line":40,"column":8},"end":{"line":42,"column":18}},{"start":{"line":43,"column":8},"end":{"line":48,"column":18}},{"start":{"line":49,"column":8},"end":{"line":50,"column":72}}],"line":33},"6":{"loc":{"start":{"line":44,"column":21},"end":{"line":44,"column":43}},"type":"cond-expr","locations":[{"start":{"line":44,"column":31},"end":{"line":44,"column":36}},{"start":{"line":44,"column":39},"end":{"line":44,"column":43}}],"line":44},"7":{"loc":{"start":{"line":45,"column":12},"end":{"line":47,"column":13}},"type":"if","locations":[{"start":{"line":45,"column":12},"end":{"line":47,"column":13}},{"start":{},"end":{}}],"line":45}},"s":{"0":1,"1":1,"2":1,"3":1,"4":1,"5":1,"6":1,"7":1,"8":1,"9":3,"10":3,"11":1,"12":2,"13":1,"14":1,"15":0,"16":0,"17":0,"18":0,"19":1,"20":1,"21":1,"22":0,"23":0,"24":1,"25":1,"26":1,"27":1},"f":{"0":1,"1":1,"2":3,"3":1},"b":{"0":[1,1],"1":[1,1],"2":[1,0],"3":[1,2],"4":[3,2],"5":[1,0,0,1,0],"6":[0,1],"7":[1,0]},"_coverageSchema":"1a1c01bbd47fc00a2c39e90264f33305004495a9","hash":"d8ed032d60309520ceddc123113b787998c6d61d"}
}
