TN:
SF:server.js
FN:8,(anonymous_0)
FN:17,(anonymous_1)
FN:25,(anonymous_2)
FN:56,(anonymous_3)
FNF:4
FNH:4
FNDA:1,(anonymous_0)
FNDA:1,(anonymous_1)
FNDA:3,(anonymous_2)
FNDA:1,(anonymous_3)
DA:1,1
DA:2,1
DA:3,1
DA:5,1
DA:8,1
DA:9,1
DA:17,1
DA:18,1
DA:25,1
DA:26,3
DA:28,3
DA:29,1
DA:33,2
DA:35,1
DA:36,1
DA:38,0
DA:39,0
DA:41,0
DA:42,0
DA:44,1
DA:45,1
DA:46,1
DA:48,0
DA:50,0
DA:53,1
DA:56,1
DA:57,1
DA:60,1
LF:28
LH:22
BRDA:3,0,0,1
BRDA:3,0,1,1
BRDA:12,1,0,1
BRDA:12,1,1,1
BRDA:20,2,0,1
BRDA:20,2,1,0
BRDA:28,3,0,1
BRDA:28,3,1,2
BRDA:28,4,0,3
BRDA:28,4,1,2
BRDA:33,5,0,1
BRDA:33,5,1,0
BRDA:33,5,2,0
BRDA:33,5,3,1
BRDA:33,5,4,0
BRDA:44,6,0,0
BRDA:44,6,1,1
BRDA:45,7,0,1
BRDA:45,7,1,0
BRF:19
BRH:13
end_of_record
